{
  "RSpec": {
    "coverage": {
      "/home/travis/build/MarcGrimme/simplecov-small-badge/lib/simplecov_small_badge.rb": {
        "lines": [
          null,
          null,
          null,
          null,
          1,
          null,
          0,
          null,
          null,
          null,
          null,
          1,
          null,
          1,
          1,
          1,
          1,
          null,
          null,
          1,
          13,
          null,
          null,
          null,
          1,
          1,
          1
        ]
      },
      "/home/travis/build/MarcGrimme/simplecov-small-badge/lib/simplecov_small_badge/configuration.rb": {
        "lines": [
          null,
          null,
          1,
          null,
          null,
          1,
          null,
          null,
          1,
          48,
          null,
          null,
          null,
          null,
          null,
          null,
          null,
          null,
          null,
          null,
          null,
          null,
          null,
          null,
          null,
          null,
          null,
          null,
          null,
          null,
          null,
          null,
          null,
          null,
          null,
          null,
          1,
          64,
          504,
          null,
          null,
          1,
          null,
          506,
          null,
          null,
          1,
          35,
          35,
          735,
          null,
          35,
          null,
          null,
          null
        ]
      },
      "/home/travis/build/MarcGrimme/simplecov-small-badge/lib/simplecov_small_badge/formatter.rb": {
        "lines": [
          null,
          null,
          1,
          1,
          null,
          1,
          null,
          1,
          1,
          12,
          12,
          null,
          null,
          1,
          12,
          12,
          12,
          12,
          10,
          null,
          null,
          null,
          1,
          null,
          1,
          22,
          22,
          22,
          null,
          null,
          1,
          22,
          null,
          null,
          1,
          34,
          28,
          14,
          null,
          14,
          null,
          null,
          6,
          null,
          null,
          null,
          1,
          62,
          62,
          null,
          null,
          1,
          34,
          34,
          714,
          null,
          null,
          714,
          714,
          null,
          34,
          null,
          null,
          null,
          null,
          null,
          null,
          1,
          12,
          10,
          10,
          null,
          null,
          null,
          null
        ]
      },
      "/home/travis/build/MarcGrimme/simplecov-small-badge/spec/support/mocks.rb": {
        "lines": [
          null,
          null,
          1,
          1,
          null,
          1,
          null,
          null,
          null,
          null,
          22,
          22,
          null,
          22,
          22,
          22,
          null,
          null,
          null,
          1,
          22,
          null,
          22,
          462,
          null,
          null,
          462,
          462,
          null,
          22,
          null,
          null,
          1,
          12,
          12,
          null,
          null,
          12,
          12,
          null,
          null,
          1,
          10,
          10,
          null,
          null,
          10,
          null,
          null,
          10,
          null,
          null,
          null
        ]
      },
      "/home/travis/build/MarcGrimme/simplecov-small-badge/spec/simplecov_small_badge_formatter_spec.rb": {
        "lines": [
          null,
          null,
          1,
          null,
          1,
          1,
          null,
          1,
          1,
          1,
          1,
          1,
          1,
          1,
          null,
          null,
          1,
          1,
          1,
          1,
          1,
          null,
          null,
          null,
          1,
          1,
          1,
          1,
          null,
          1,
          null,
          1,
          1,
          null,
          null,
          1,
          1,
          1,
          null,
          1,
          null,
          1,
          1,
          null,
          null,
          1,
          1,
          1,
          null,
          1,
          null,
          1,
          1,
          null,
          null,
          1,
          1,
          1,
          null,
          1,
          null,
          1,
          1,
          null,
          null,
          null,
          1,
          1,
          1,
          1,
          null,
          1,
          null,
          1,
          1,
          null,
          null,
          1,
          1,
          1,
          null,
          1,
          null,
          1,
          1,
          null,
          null,
          null,
          1,
          1,
          1,
          1,
          null,
          1,
          null,
          1,
          1,
          null,
          null,
          1,
          1,
          1,
          null,
          1,
          null,
          1,
          1,
          null,
          null,
          null,
          1,
          1,
          1,
          1,
          null,
          1,
          null,
          1,
          1,
          null,
          null,
          1,
          1,
          1,
          null,
          1,
          null,
          1,
          1,
          null,
          null,
          null,
          null
        ]
      }
    },
    "timestamp": 1584082178
  }
}
