{
  "RSpec": {
    "coverage": {
      "/home/travis/build/MarcGrimme/simplecov-small-badge/lib/simplecov_small_badge.rb": {
        "lines": [
          null,
          null,
          null,
          null,
          1,
          null,
          0,
          null,
          null,
          null,
          null,
          1,
          null,
          1,
          1,
          1,
          1,
          null,
          null,
          1,
          14,
          null,
          null,
          null,
          1,
          1,
          1
        ]
      },
      "/home/travis/build/MarcGrimme/simplecov-small-badge/lib/simplecov_small_badge/configuration.rb": {
        "lines": [
          null,
          null,
          1,
          null,
          null,
          1,
          null,
          null,
          1,
          null,
          48,
          null,
          null,
          null,
          null,
          null,
          null,
          null,
          null,
          null,
          null,
          null,
          null,
          null,
          null,
          null,
          null,
          null,
          null,
          null,
          null,
          null,
          null,
          null,
          null,
          null,
          1,
          64,
          504,
          null,
          null,
          1,
          23,
          483,
          null,
          null,
          1,
          36,
          36,
          756,
          null,
          36,
          null,
          null,
          null
        ]
      },
      "/home/travis/build/MarcGrimme/simplecov-small-badge/lib/simplecov_small_badge/formatter.rb": {
        "lines": [
          null,
          null,
          1,
          1,
          null,
          1,
          null,
          1,
          1,
          13,
          13,
          null,
          null,
          1,
          13,
          13,
          13,
          13,
          9,
          null,
          null,
          null,
          1,
          null,
          1,
          22,
          22,
          22,
          null,
          null,
          1,
          22,
          null,
          null,
          1,
          35,
          27,
          13,
          null,
          14,
          null,
          null,
          8,
          null,
          null,
          null,
          1,
          62,
          62,
          null,
          null,
          1,
          35,
          35,
          735,
          null,
          null,
          735,
          735,
          null,
          35,
          null,
          null,
          null,
          null,
          null,
          null,
          1,
          13,
          9,
          9,
          null,
          null,
          null,
          null
        ]
      },
      "/home/travis/build/MarcGrimme/simplecov-small-badge/spec/support/mocks.rb": {
        "lines": [
          null,
          null,
          1,
          1,
          null,
          1,
          null,
          null,
          null,
          null,
          22,
          22,
          null,
          22,
          22,
          22,
          null,
          null,
          null,
          1,
          22,
          22,
          null,
          462,
          null,
          null,
          462,
          462,
          null,
          22,
          null,
          null,
          1,
          13,
          13,
          null,
          null,
          13,
          13,
          null,
          null,
          1,
          9,
          9,
          null,
          null,
          9,
          null,
          null,
          9,
          null,
          null,
          null
        ]
      },
      "/home/travis/build/MarcGrimme/simplecov-small-badge/spec/simplecov_small_badge_formatter_spec.rb": {
        "lines": [
          null,
          null,
          1,
          null,
          1,
          1,
          null,
          1,
          1,
          1,
          1,
          1,
          1,
          1,
          null,
          null,
          null,
          1,
          1,
          1,
          1,
          null,
          1,
          null,
          1,
          1,
          null,
          null,
          1,
          1,
          1,
          null,
          1,
          null,
          1,
          1,
          null,
          null,
          null,
          1,
          1,
          1,
          1,
          null,
          1,
          null,
          1,
          1,
          null,
          null,
          null,
          1,
          1,
          1,
          1,
          null,
          1,
          null,
          1,
          1,
          null,
          null,
          null,
          1,
          1,
          1,
          1,
          null,
          1,
          null,
          1,
          1,
          null,
          null,
          null,
          1,
          1,
          7,
          7,
          7,
          null,
          null,
          null,
          1,
          7,
          7,
          7,
          null,
          null,
          1,
          2,
          2,
          2,
          null,
          1,
          1,
          1,
          1,
          null,
          null,
          null,
          1,
          2,
          2,
          2,
          null,
          1,
          1,
          null,
          null,
          1,
          null,
          null,
          1,
          null,
          1,
          null,
          null,
          null,
          1,
          2,
          2,
          2,
          null,
          1,
          1,
          1,
          1,
          null,
          null,
          null,
          1,
          2,
          2,
          1,
          null,
          1,
          1,
          null,
          1,
          null,
          1,
          1,
          null,
          null,
          null,
          1,
          2,
          2,
          2,
          null,
          1,
          1,
          null,
          1,
          1,
          null,
          null,
          null,
          1,
          2,
          2,
          2,
          null,
          1,
          1,
          null,
          null,
          1,
          null,
          null,
          1,
          null,
          1,
          null,
          null,
          null,
          1,
          2,
          2,
          2,
          2,
          2,
          null,
          1,
          1,
          null,
          null,
          1,
          null,
          null,
          null,
          1,
          null,
          1,
          null,
          null,
          null,
          null,
          null
        ]
      }
    },
    "timestamp": 1696785847
  }
}
